
> frontend@0.0.0 dev
> vite --host 127.0.0.1 --port 4173

AM 4:42:59 [vite] (client) Re-optimizing dependencies because vite config has changed

  VITE v8.1.3  ready in 381 ms

  ➜  Local:   http://127.0.0.1:4173/
  ➜  press h + enter to show help
AM 4:44:22 [vite] (client) hmr update /src/components/EventControls.tsx
AM 4:47:37 [vite] (client) hmr update /src/App.css
AM 4:51:31 [vite] (client) hmr update /src/components/ScenarioBuilderPanel.tsx
AM 4:54:52 [vite] (client) hmr update /src/App.tsx, /src/components/CapabilityPanel.tsx, /src/components/MetricStrip.tsx, /src/components/ScenarioWorkspace.tsx, /src/components/RecommendationPanel.tsx, /src/components/Header.tsx, /src/components/MapView.tsx, /src/components/EvaluationPanel.tsx, /src/components/BlackBoxPanel.tsx, /src/components/EventControls.tsx, /src/components/ScenarioBuilderPanel.tsx, /src/components/FleetDeploymentPanel.tsx
AM 4:54:59 [vite] (client) hmr update /src/App.css
AM 4:55:39 [vite] (client) hmr update /src/App.css
AM 4:56:55 [vite] (client) hmr update /src/App.tsx, /src/components/CapabilityPanel.tsx, /src/components/MetricStrip.tsx, /src/components/ScenarioWorkspace.tsx, /src/components/RecommendationPanel.tsx, /src/components/Header.tsx, /src/components/MapView.tsx, /src/components/EvaluationPanel.tsx, /src/components/BlackBoxPanel.tsx, /src/components/EventControls.tsx, /src/components/ScenarioBuilderPanel.tsx, /src/components/FleetDeploymentPanel.tsx
AM 4:57:06 [vite] (client) hmr update /src/components/MapAreaSector.tsx
AM 4:57:17 [vite] (client) hmr update /src/App.css
AM 5:05:18 [vite] (client) hmr update /src/components/ScenarioWorkspace.tsx
AM 5:05:34 [vite] (client) hmr update /src/App.css
AM 5:07:30 [vite] (client) hmr update /src/App.css
AM 5:52:45 [vite] (client) hmr update /src/components/ScenarioAreaDrawControl.tsx
AM 5:53:48 [vite] (client) hmr update /src/components/ScenarioMapEditor.tsx
AM 5:54:01 [vite] (client) hmr update /src/App.css
AM 5:54:08 [vite] (client) hmr update /src/App.css
AM 5:54:13 [vite] (client) hmr update /src/components/ScenarioMapEditor.tsx
AM 5:54:49 [vite] (client) hmr update /src/components/ScenarioAreaDrawControl.tsx
AM 5:54:55 [vite] (client) hmr update /src/components/ScenarioMapEditor.tsx
AM 5:55:28 [vite] (client) hmr update /src/components/ScenarioMapEditor.tsx
AM 6:22:38 [vite] (client) hmr update /src/components/CapabilityPanel.tsx, /src/components/MetricStrip.tsx, /src/components/RecommendationPanel.tsx, /src/components/Header.tsx, /src/components/EvaluationPanel.tsx, /src/components/BlackBoxPanel.tsx, /src/components/EventControls.tsx, /src/components/FleetDeploymentPanel.tsx, /src/components/MapAreaSector.tsx, /src/components/MapAssetContextMenu.tsx, /src/components/MapAssetGlyph.tsx, /src/components/MapReadout.tsx, /src/components/MapPathOverlays.tsx and 6 more
AM 6:22:38 [vite] (client) hmr update /src/components/CapabilityPanel.tsx, /src/components/BlackBoxPanel.tsx, /src/components/EventControls.tsx, /src/App.tsx, /src/components/MetricStrip.tsx, /src/components/ScenarioWorkspace.tsx, /src/components/RecommendationPanel.tsx, /src/components/Header.tsx, /src/components/MapView.tsx, /src/components/EvaluationPanel.tsx, /src/components/ScenarioBuilderPanel.tsx, /src/components/FleetDeploymentPanel.tsx, /src/components/MapAreaSector.tsx, /src/components/ScenarioBuilderStageViews.tsx and 7 more
AM 6:22:38 [vite] (client) hmr update /src/components/EventControls.tsx
AM 6:23:18 [vite] (client) hmr update /src/components/EventControls.tsx
AM 6:23:18 [vite] (client) hmr update /src/components/CapabilityPanel.tsx, /src/components/BlackBoxPanel.tsx, /src/components/EventControls.tsx, /src/App.tsx, /src/components/MetricStrip.tsx, /src/components/ScenarioWorkspace.tsx, /src/components/RecommendationPanel.tsx, /src/components/Header.tsx, /src/components/MapView.tsx, /src/components/EvaluationPanel.tsx, /src/components/ScenarioBuilderPanel.tsx, /src/components/FleetDeploymentPanel.tsx, /src/components/MapAreaSector.tsx, /src/components/ScenarioBuilderStageViews.tsx and 7 more
AM 6:23:18 [vite] (client) hmr update /src/components/CapabilityPanel.tsx, /src/components/MetricStrip.tsx, /src/components/RecommendationPanel.tsx, /src/components/Header.tsx, /src/components/EvaluationPanel.tsx, /src/components/BlackBoxPanel.tsx, /src/components/EventControls.tsx, /src/components/FleetDeploymentPanel.tsx, /src/components/MapAreaSector.tsx, /src/components/MapAssetContextMenu.tsx, /src/components/MapAssetGlyph.tsx, /src/components/MapReadout.tsx, /src/components/MapPathOverlays.tsx and 6 more
AM 6:24:25 [vite] (client) hmr update /src/App.tsx, /src/components/CapabilityPanel.tsx, /src/components/MetricStrip.tsx, /src/components/ScenarioWorkspace.tsx, /src/components/RecommendationPanel.tsx, /src/components/Header.tsx, /src/components/MapView.tsx, /src/components/EvaluationPanel.tsx, /src/components/BlackBoxPanel.tsx, /src/components/EventControls.tsx, /src/components/ScenarioBuilderPanel.tsx, /src/components/FleetDeploymentPanel.tsx
AM 6:29:14 [vite] (client) hmr update /src/App.tsx, /src/components/CapabilityPanel.tsx, /src/components/MetricStrip.tsx, /src/components/ScenarioWorkspace.tsx, /src/components/RecommendationPanel.tsx, /src/components/Header.tsx, /src/components/MapView.tsx, /src/components/EvaluationPanel.tsx, /src/components/BlackBoxPanel.tsx, /src/components/EventControls.tsx, /src/components/ScenarioBuilderPanel.tsx, /src/components/FleetDeploymentPanel.tsx
