
> frontend@0.0.0 dev
> vite --host 127.0.0.1 --port 5173

[2mAM 8:18:51[22m [36m[1m[vite][22m[39m [90m[2m(client)[22m[39m Re-optimizing dependencies because vite config has changed

  [32m[1mVITE[22m v8.1.3[39m  [2mready in [0m[1m265[22m[2m[0m ms[22m

  [32m??[39m  [1mLocal[22m:   [36mhttp://127.0.0.1:[1m5173[22m/[39m
[2m[32m  ??[39m[22m[2m  press [22m[1mh + enter[22m[2m to show help[22m
[2mAM 8:29:08[22m [36m[1m[vite][22m[39m [90m[2m(client)[22m[39m [32mhmr update [39m[2m/src/App.tsx, /src/components/CapabilityPanel.tsx, /src/components/MetricStrip.tsx, /src/components/RecommendationPanel.tsx, /src/components/MapView.tsx, /src/components/Header.tsx, /src/components/ScenarioWorkspace.tsx, /src/components/EvaluationPanel.tsx, /src/components/BlackBoxPanel.tsx, /src/components/EventControls.tsx, /src/components/ScenarioBuilderPanel.tsx, /src/components/FleetDeploymentPanel.tsx[22m
[2mAM 8:29:19[22m [36m[1m[vite][22m[39m [90m[2m(client)[22m[39m [32mhmr update [39m[2m/src/App.tsx, /src/components/CapabilityPanel.tsx, /src/components/MetricStrip.tsx, /src/components/RecommendationPanel.tsx, /src/components/MapView.tsx, /src/components/Header.tsx, /src/components/ScenarioWorkspace.tsx, /src/components/EvaluationPanel.tsx, /src/components/BlackBoxPanel.tsx, /src/components/EventControls.tsx, /src/components/ScenarioBuilderPanel.tsx, /src/components/FleetDeploymentPanel.tsx[22m
[2mAM 8:30:26[22m [36m[1m[vite][22m[39m [90m[2m(client)[22m[39m [32mhmr update [39m[2m/src/App.tsx, /src/components/CapabilityPanel.tsx, /src/components/MetricStrip.tsx, /src/components/RecommendationPanel.tsx, /src/components/MapView.tsx, /src/components/Header.tsx, /src/components/ScenarioWorkspace.tsx, /src/components/EvaluationPanel.tsx, /src/components/BlackBoxPanel.tsx, /src/components/EventControls.tsx, /src/components/ScenarioBuilderPanel.tsx, /src/components/FleetDeploymentPanel.tsx[22m
[2mAM 8:30:33[22m [36m[1m[vite][22m[39m [90m[2m(client)[22m[39m [32mhmr update [39m[2m/src/App.tsx, /src/components/CapabilityPanel.tsx, /src/components/MetricStrip.tsx, /src/components/RecommendationPanel.tsx, /src/components/MapView.tsx, /src/components/Header.tsx, /src/components/ScenarioWorkspace.tsx, /src/components/EvaluationPanel.tsx, /src/components/BlackBoxPanel.tsx, /src/components/EventControls.tsx, /src/components/ScenarioBuilderPanel.tsx, /src/components/FleetDeploymentPanel.tsx[22m
[2mAM 8:30:33[22m [36m[1m[vite][22m[39m [90m[2m(client)[22m[39m [32mhmr update [39m[2m/src/App.tsx, /src/components/CapabilityPanel.tsx, /src/components/MetricStrip.tsx, /src/components/RecommendationPanel.tsx, /src/components/MapView.tsx, /src/components/Header.tsx, /src/components/ScenarioWorkspace.tsx, /src/components/EvaluationPanel.tsx, /src/components/BlackBoxPanel.tsx, /src/components/EventControls.tsx, /src/components/ScenarioBuilderPanel.tsx, /src/components/FleetDeploymentPanel.tsx[22m
[2mAM 8:30:46[22m [36m[1m[vite][22m[39m [90m[2m(client)[22m[39m [32mhmr update [39m[2m/src/App.tsx, /src/components/CapabilityPanel.tsx, /src/components/MetricStrip.tsx, /src/components/RecommendationPanel.tsx, /src/components/MapView.tsx, /src/components/Header.tsx, /src/components/ScenarioWorkspace.tsx, /src/components/EvaluationPanel.tsx, /src/components/BlackBoxPanel.tsx, /src/components/EventControls.tsx, /src/components/ScenarioBuilderPanel.tsx, /src/components/FleetDeploymentPanel.tsx[22m
[2mAM 9:08:38[22m [36m[1m[vite][22m[39m [90m[2m(client)[22m[39m [32mhmr update [39m[2m/src/App.tsx, /src/components/CapabilityPanel.tsx, /src/components/MetricStrip.tsx, /src/components/RecommendationPanel.tsx, /src/components/MapView.tsx, /src/components/Header.tsx, /src/components/ScenarioWorkspace.tsx, /src/components/EvaluationPanel.tsx, /src/components/BlackBoxPanel.tsx, /src/components/EventControls.tsx, /src/components/ScenarioBuilderPanel.tsx, /src/components/FleetDeploymentPanel.tsx[22m
[2mAM 9:08:46[22m [36m[1m[vite][22m[39m [90m[2m(client)[22m[39m [32mhmr update [39m[2m/src/App.tsx, /src/components/CapabilityPanel.tsx, /src/components/MetricStrip.tsx, /src/components/RecommendationPanel.tsx, /src/components/MapView.tsx, /src/components/Header.tsx, /src/components/ScenarioWorkspace.tsx, /src/components/EvaluationPanel.tsx, /src/components/BlackBoxPanel.tsx, /src/components/EventControls.tsx, /src/components/ScenarioBuilderPanel.tsx, /src/components/FleetDeploymentPanel.tsx[22m
[2mAM 9:09:15[22m [36m[1m[vite][22m[39m [90m[2m(client)[22m[39m [32mhmr update [39m[2m/src/components/ScenarioWorkspace.tsx[22m
[2mAM 9:09:26[22m [36m[1m[vite][22m[39m [90m[2m(client)[22m[39m [32mhmr update [39m[2m/src/App.css[22m
[2mAM 9:09:53[22m [36m[1m[vite][22m[39m [90m[2m(client)[22m[39m [32mhmr update [39m[2m/src/components/ScenarioWorkspace.tsx[22m
[2mAM 9:10:52[22m [36m[1m[vite][22m[39m [90m[2m(client)[22m[39m [32mhmr update [39m[2m/src/App.css[22m
[2mAM 9:10:52[22m [36m[1m[vite][22m[39m [90m[2m(client)[22m[39m [32mhmr update [39m[2m/src/App.css[22m
[2mAM 9:15:42[22m [36m[1m[vite][22m[39m [90m[2m(client)[22m[39m [32mhmr update [39m[2m/src/App.tsx, /src/components/CapabilityPanel.tsx, /src/components/MetricStrip.tsx, /src/components/RecommendationPanel.tsx, /src/components/MapView.tsx, /src/components/Header.tsx, /src/components/ScenarioWorkspace.tsx, /src/components/EvaluationPanel.tsx, /src/components/BlackBoxPanel.tsx, /src/components/EventControls.tsx, /src/components/ScenarioBuilderPanel.tsx, /src/components/FleetDeploymentPanel.tsx[22m
[2mAM 9:15:42[22m [36m[1m[vite][22m[39m [90m[2m(client)[22m[39m [32mhmr update [39m[2m/src/App.tsx, /src/components/CapabilityPanel.tsx, /src/components/MetricStrip.tsx, /src/components/RecommendationPanel.tsx, /src/components/MapView.tsx, /src/components/Header.tsx, /src/components/ScenarioWorkspace.tsx, /src/components/EvaluationPanel.tsx, /src/components/BlackBoxPanel.tsx, /src/components/EventControls.tsx, /src/components/ScenarioBuilderPanel.tsx, /src/components/FleetDeploymentPanel.tsx[22m
